<?xml version="1.0" encoding="UTF-8"?>
<testsuite xmlns:xsi="http://www.w3.org/2001/XMLSchema-instance" xsi:noNamespaceSchemaLocation="https://maven.apache.org/surefire/maven-surefire-plugin/xsd/surefire-test-report.xsd" name="TestSuite" time="85.527" tests="1" errors="0" skipped="0" failures="0">
  <properties>
    <property name="sun.desktop" value="windows"/>
    <property name="awt.toolkit" value="sun.awt.windows.WToolkit"/>
    <property name="file.encoding.pkg" value="sun.io"/>
    <property name="java.specification.version" value="1.8"/>
    <property name="sun.cpu.isalist" value="amd64"/>
    <property name="sun.jnu.encoding" value="GBK"/>
    <property name="java.class.path" value="C:\Users\HP\eclipse-workspace\AllureTest001\target\test-classes;C:\Users\HP\eclipse-workspace\AllureTest001\target\classes;C:\Users\HP\.m2\repository\io\qameta\allure\allure-testng\2.13.1\allure-testng-2.13.1.jar;C:\Users\HP\.m2\repository\io\qameta\allure\allure-java-commons\2.13.1\allure-java-commons-2.13.1.jar;C:\Users\HP\.m2\repository\io\qameta\allure\allure-model\2.13.1\allure-model-2.13.1.jar;C:\Users\HP\.m2\repository\com\fasterxml\jackson\core\jackson-databind\2.9.8\jackson-databind-2.9.8.jar;C:\Users\HP\.m2\repository\com\fasterxml\jackson\core\jackson-annotations\2.9.0\jackson-annotations-2.9.0.jar;C:\Users\HP\.m2\repository\com\fasterxml\jackson\core\jackson-core\2.9.8\jackson-core-2.9.8.jar;C:\Users\HP\.m2\repository\org\apache\tika\tika-core\1.20\tika-core-1.20.jar;C:\Users\HP\.m2\repository\org\jooq\joor-java-8\0.9.10\joor-java-8-0.9.10.jar;C:\Users\HP\.m2\repository\org\hamcrest\hamcrest-all\1.3\hamcrest-all-1.3.jar;C:\Users\HP\.m2\repository\org\slf4j\slf4j-simple\1.7.30\slf4j-simple-1.7.30.jar;C:\Users\HP\.m2\repository\org\slf4j\slf4j-api\1.7.30\slf4j-api-1.7.30.jar;C:\Users\HP\.m2\repository\org\testng\testng\6.14.3\testng-6.14.3.jar;C:\Users\HP\.m2\repository\com\beust\jcommander\1.72\jcommander-1.72.jar;C:\Users\HP\.m2\repository\org\apache-extras\beanshell\bsh\2.0b6\bsh-2.0b6.jar;C:\Users\HP\.m2\repository\org\apache\logging\log4j\log4j-api\2.11.2\log4j-api-2.11.2.jar;C:\Users\HP\.m2\repository\org\apache\maven\plugins\maven-resources-plugin\2.4.3\maven-resources-plugin-2.4.3.jar;C:\Users\HP\.m2\repository\org\apache\maven\maven-plugin-api\2.0.6\maven-plugin-api-2.0.6.jar;C:\Users\HP\.m2\repository\org\apache\maven\maven-project\2.0.6\maven-project-2.0.6.jar;C:\Users\HP\.m2\repository\org\apache\maven\maven-profile\2.0.6\maven-profile-2.0.6.jar;C:\Users\HP\.m2\repository\org\apache\maven\maven-artifact-manager\2.0.6\maven-artifact-manager-2.0.6.jar;C:\Users\HP\.m2\repository\org\apache\maven\maven-plugin-registry\2.0.6\maven-plugin-registry-2.0.6.jar;C:\Users\HP\.m2\repository\org\apache\maven\maven-core\2.0.6\maven-core-2.0.6.jar;C:\Users\HP\.m2\repository\org\apache\maven\wagon\wagon-file\1.0-beta-2\wagon-file-1.0-beta-2.jar;C:\Users\HP\.m2\repository\org\apache\maven\maven-plugin-parameter-documenter\2.0.6\maven-plugin-parameter-documenter-2.0.6.jar;C:\Users\HP\.m2\repository\org\apache\maven\wagon\wagon-http-lightweight\1.0-beta-2\wagon-http-lightweight-1.0-beta-2.jar;C:\Users\HP\.m2\repository\org\apache\maven\wagon\wagon-http-shared\1.0-beta-2\wagon-http-shared-1.0-beta-2.jar;C:\Users\HP\.m2\repository\jtidy\jtidy\4aug2000r7-dev\jtidy-4aug2000r7-dev.jar;C:\Users\HP\.m2\repository\xml-apis\xml-apis\1.0.b2\xml-apis-1.0.b2.jar;C:\Users\HP\.m2\repository\org\apache\maven\reporting\maven-reporting-api\2.0.6\maven-reporting-api-2.0.6.jar;C:\Users\HP\.m2\repository\org\apache\maven\doxia\doxia-sink-api\1.0-alpha-7\doxia-sink-api-1.0-alpha-7.jar;C:\Users\HP\.m2\repository\org\apache\maven\wagon\wagon-provider-api\1.0-beta-2\wagon-provider-api-1.0-beta-2.jar;C:\Users\HP\.m2\repository\org\apache\maven\maven-repository-metadata\2.0.6\maven-repository-metadata-2.0.6.jar;C:\Users\HP\.m2\repository\org\apache\maven\maven-error-diagnostics\2.0.6\maven-error-diagnostics-2.0.6.jar;C:\Users\HP\.m2\repository\commons-cli\commons-cli\1.0\commons-cli-1.0.jar;C:\Users\HP\.m2\repository\org\apache\maven\wagon\wagon-ssh-external\1.0-beta-2\wagon-ssh-external-1.0-beta-2.jar;C:\Users\HP\.m2\repository\org\apache\maven\wagon\wagon-ssh-common\1.0-beta-2\wagon-ssh-common-1.0-beta-2.jar;C:\Users\HP\.m2\repository\org\apache\maven\maven-plugin-descriptor\2.0.6\maven-plugin-descriptor-2.0.6.jar;C:\Users\HP\.m2\repository\org\codehaus\plexus\plexus-interactivity-api\1.0-alpha-4\plexus-interactivity-api-1.0-alpha-4.jar;C:\Users\HP\.m2\repository\org\apache\maven\wagon\wagon-ssh\1.0-beta-2\wagon-ssh-1.0-beta-2.jar;C:\Users\HP\.m2\repository\com\jcraft\jsch\0.1.27\jsch-0.1.27.jar;C:\Users\HP\.m2\repository\classworlds\classworlds\1.1\classworlds-1.1.jar;C:\Users\HP\.m2\repository\org\apache\maven\maven-artifact\2.0.6\maven-artifact-2.0.6.jar;C:\Users\HP\.m2\repository\org\apache\maven\maven-settings\2.0.6\maven-settings-2.0.6.jar;C:\Users\HP\.m2\repository\org\apache\maven\maven-model\2.0.6\maven-model-2.0.6.jar;C:\Users\HP\.m2\repository\org\apache\maven\maven-monitor\2.0.6\maven-monitor-2.0.6.jar;C:\Users\HP\.m2\repository\org\codehaus\plexus\plexus-container-default\1.0-alpha-9-stable-1\plexus-container-default-1.0-alpha-9-stable-1.jar;C:\Users\HP\.m2\repository\junit\junit\3.8.1\junit-3.8.1.jar;C:\Users\HP\.m2\repository\org\codehaus\plexus\plexus-utils\2.0.5\plexus-utils-2.0.5.jar;C:\Users\HP\.m2\repository\org\apache\maven\shared\maven-filtering\1.0-beta-4\maven-filtering-1.0-beta-4.jar;C:\Users\HP\.m2\repository\org\sonatype\plexus\plexus-build-api\0.0.4\plexus-build-api-0.0.4.jar;C:\Users\HP\.m2\repository\org\codehaus\plexus\plexus-interpolation\1.13\plexus-interpolation-1.13.jar;C:\Users\HP\.m2\repository\org\seleniumhq\selenium\selenium-java\3.141.59\selenium-java-3.141.59.jar;C:\Users\HP\.m2\repository\org\seleniumhq\selenium\selenium-api\3.141.59\selenium-api-3.141.59.jar;C:\Users\HP\.m2\repository\org\seleniumhq\selenium\selenium-chrome-driver\3.141.59\selenium-chrome-driver-3.141.59.jar;C:\Users\HP\.m2\repository\org\seleniumhq\selenium\selenium-edge-driver\3.141.59\selenium-edge-driver-3.141.59.jar;C:\Users\HP\.m2\repository\org\seleniumhq\selenium\selenium-firefox-driver\3.141.59\selenium-firefox-driver-3.141.59.jar;C:\Users\HP\.m2\repository\org\seleniumhq\selenium\selenium-ie-driver\3.141.59\selenium-ie-driver-3.141.59.jar;C:\Users\HP\.m2\repository\org\seleniumhq\selenium\selenium-opera-driver\3.141.59\selenium-opera-driver-3.141.59.jar;C:\Users\HP\.m2\repository\org\seleniumhq\selenium\selenium-remote-driver\3.141.59\selenium-remote-driver-3.141.59.jar;C:\Users\HP\.m2\repository\org\seleniumhq\selenium\selenium-safari-driver\3.141.59\selenium-safari-driver-3.141.59.jar;C:\Users\HP\.m2\repository\org\seleniumhq\selenium\selenium-support\3.141.59\selenium-support-3.141.59.jar;C:\Users\HP\.m2\repository\net\bytebuddy\byte-buddy\1.8.15\byte-buddy-1.8.15.jar;C:\Users\HP\.m2\repository\org\apache\commons\commons-exec\1.3\commons-exec-1.3.jar;C:\Users\HP\.m2\repository\com\google\guava\guava\25.0-jre\guava-25.0-jre.jar;C:\Users\HP\.m2\repository\com\google\code\findbugs\jsr305\1.3.9\jsr305-1.3.9.jar;C:\Users\HP\.m2\repository\org\checkerframework\checker-compat-qual\2.0.0\checker-compat-qual-2.0.0.jar;C:\Users\HP\.m2\repository\com\google\errorprone\error_prone_annotations\2.1.3\error_prone_annotations-2.1.3.jar;C:\Users\HP\.m2\repository\com\google\j2objc\j2objc-annotations\1.1\j2objc-annotations-1.1.jar;C:\Users\HP\.m2\repository\org\codehaus\mojo\animal-sniffer-annotations\1.14\animal-sniffer-annotations-1.14.jar;C:\Users\HP\.m2\repository\com\squareup\okhttp3\okhttp\3.11.0\okhttp-3.11.0.jar;C:\Users\HP\.m2\repository\com\squareup\okio\okio\1.14.0\okio-1.14.0.jar;"/>
    <property name="java.vm.vendor" value="Oracle Corporation"/>
    <property name="sun.arch.data.model" value="64"/>
    <property name="user.variant" value=""/>
    <property name="java.vendor.url" value="http://java.oracle.com/"/>
    <property name="user.timezone" value="Asia/Shanghai"/>
    <property name="java.vm.specification.version" value="1.8"/>
    <property name="os.name" value="Windows 10"/>
    <property name="user.country" value="CN"/>
    <property name="sun.java.launcher" value="SUN_STANDARD"/>
    <property name="sun.boot.library.path" value="D:\jdk1.8\jre\bin"/>
    <property name="sun.java.command" value="C:\Users\HP\AppData\Local\Temp\surefire5249931318571615825\surefirebooter3784437073728420655.jar C:\Users\HP\AppData\Local\Temp\surefire5249931318571615825 2020-02-22T19-51-41_688-jvmRun1 surefire1447479674270357100tmp surefire_03720761986335772864tmp"/>
    <property name="surefire.test.class.path" value="C:\Users\HP\eclipse-workspace\AllureTest001\target\test-classes;C:\Users\HP\eclipse-workspace\AllureTest001\target\classes;C:\Users\HP\.m2\repository\io\qameta\allure\allure-testng\2.13.1\allure-testng-2.13.1.jar;C:\Users\HP\.m2\repository\io\qameta\allure\allure-java-commons\2.13.1\allure-java-commons-2.13.1.jar;C:\Users\HP\.m2\repository\io\qameta\allure\allure-model\2.13.1\allure-model-2.13.1.jar;C:\Users\HP\.m2\repository\com\fasterxml\jackson\core\jackson-databind\2.9.8\jackson-databind-2.9.8.jar;C:\Users\HP\.m2\repository\com\fasterxml\jackson\core\jackson-annotations\2.9.0\jackson-annotations-2.9.0.jar;C:\Users\HP\.m2\repository\com\fasterxml\jackson\core\jackson-core\2.9.8\jackson-core-2.9.8.jar;C:\Users\HP\.m2\repository\org\apache\tika\tika-core\1.20\tika-core-1.20.jar;C:\Users\HP\.m2\repository\org\jooq\joor-java-8\0.9.10\joor-java-8-0.9.10.jar;C:\Users\HP\.m2\repository\org\hamcrest\hamcrest-all\1.3\hamcrest-all-1.3.jar;C:\Users\HP\.m2\repository\org\slf4j\slf4j-simple\1.7.30\slf4j-simple-1.7.30.jar;C:\Users\HP\.m2\repository\org\slf4j\slf4j-api\1.7.30\slf4j-api-1.7.30.jar;C:\Users\HP\.m2\repository\org\testng\testng\6.14.3\testng-6.14.3.jar;C:\Users\HP\.m2\repository\com\beust\jcommander\1.72\jcommander-1.72.jar;C:\Users\HP\.m2\repository\org\apache-extras\beanshell\bsh\2.0b6\bsh-2.0b6.jar;C:\Users\HP\.m2\repository\org\apache\logging\log4j\log4j-api\2.11.2\log4j-api-2.11.2.jar;C:\Users\HP\.m2\repository\org\apache\maven\plugins\maven-resources-plugin\2.4.3\maven-resources-plugin-2.4.3.jar;C:\Users\HP\.m2\repository\org\apache\maven\maven-plugin-api\2.0.6\maven-plugin-api-2.0.6.jar;C:\Users\HP\.m2\repository\org\apache\maven\maven-project\2.0.6\maven-project-2.0.6.jar;C:\Users\HP\.m2\repository\org\apache\maven\maven-profile\2.0.6\maven-profile-2.0.6.jar;C:\Users\HP\.m2\repository\org\apache\maven\maven-artifact-manager\2.0.6\maven-artifact-manager-2.0.6.jar;C:\Users\HP\.m2\repository\org\apache\maven\maven-plugin-registry\2.0.6\maven-plugin-registry-2.0.6.jar;C:\Users\HP\.m2\repository\org\apache\maven\maven-core\2.0.6\maven-core-2.0.6.jar;C:\Users\HP\.m2\repository\org\apache\maven\wagon\wagon-file\1.0-beta-2\wagon-file-1.0-beta-2.jar;C:\Users\HP\.m2\repository\org\apache\maven\maven-plugin-parameter-documenter\2.0.6\maven-plugin-parameter-documenter-2.0.6.jar;C:\Users\HP\.m2\repository\org\apache\maven\wagon\wagon-http-lightweight\1.0-beta-2\wagon-http-lightweight-1.0-beta-2.jar;C:\Users\HP\.m2\repository\org\apache\maven\wagon\wagon-http-shared\1.0-beta-2\wagon-http-shared-1.0-beta-2.jar;C:\Users\HP\.m2\repository\jtidy\jtidy\4aug2000r7-dev\jtidy-4aug2000r7-dev.jar;C:\Users\HP\.m2\repository\xml-apis\xml-apis\1.0.b2\xml-apis-1.0.b2.jar;C:\Users\HP\.m2\repository\org\apache\maven\reporting\maven-reporting-api\2.0.6\maven-reporting-api-2.0.6.jar;C:\Users\HP\.m2\repository\org\apache\maven\doxia\doxia-sink-api\1.0-alpha-7\doxia-sink-api-1.0-alpha-7.jar;C:\Users\HP\.m2\repository\org\apache\maven\wagon\wagon-provider-api\1.0-beta-2\wagon-provider-api-1.0-beta-2.jar;C:\Users\HP\.m2\repository\org\apache\maven\maven-repository-metadata\2.0.6\maven-repository-metadata-2.0.6.jar;C:\Users\HP\.m2\repository\org\apache\maven\maven-error-diagnostics\2.0.6\maven-error-diagnostics-2.0.6.jar;C:\Users\HP\.m2\repository\commons-cli\commons-cli\1.0\commons-cli-1.0.jar;C:\Users\HP\.m2\repository\org\apache\maven\wagon\wagon-ssh-external\1.0-beta-2\wagon-ssh-external-1.0-beta-2.jar;C:\Users\HP\.m2\repository\org\apache\maven\wagon\wagon-ssh-common\1.0-beta-2\wagon-ssh-common-1.0-beta-2.jar;C:\Users\HP\.m2\repository\org\apache\maven\maven-plugin-descriptor\2.0.6\maven-plugin-descriptor-2.0.6.jar;C:\Users\HP\.m2\repository\org\codehaus\plexus\plexus-interactivity-api\1.0-alpha-4\plexus-interactivity-api-1.0-alpha-4.jar;C:\Users\HP\.m2\repository\org\apache\maven\wagon\wagon-ssh\1.0-beta-2\wagon-ssh-1.0-beta-2.jar;C:\Users\HP\.m2\repository\com\jcraft\jsch\0.1.27\jsch-0.1.27.jar;C:\Users\HP\.m2\repository\classworlds\classworlds\1.1\classworlds-1.1.jar;C:\Users\HP\.m2\repository\org\apache\maven\maven-artifact\2.0.6\maven-artifact-2.0.6.jar;C:\Users\HP\.m2\repository\org\apache\maven\maven-settings\2.0.6\maven-settings-2.0.6.jar;C:\Users\HP\.m2\repository\org\apache\maven\maven-model\2.0.6\maven-model-2.0.6.jar;C:\Users\HP\.m2\repository\org\apache\maven\maven-monitor\2.0.6\maven-monitor-2.0.6.jar;C:\Users\HP\.m2\repository\org\codehaus\plexus\plexus-container-default\1.0-alpha-9-stable-1\plexus-container-default-1.0-alpha-9-stable-1.jar;C:\Users\HP\.m2\repository\junit\junit\3.8.1\junit-3.8.1.jar;C:\Users\HP\.m2\repository\org\codehaus\plexus\plexus-utils\2.0.5\plexus-utils-2.0.5.jar;C:\Users\HP\.m2\repository\org\apache\maven\shared\maven-filtering\1.0-beta-4\maven-filtering-1.0-beta-4.jar;C:\Users\HP\.m2\repository\org\sonatype\plexus\plexus-build-api\0.0.4\plexus-build-api-0.0.4.jar;C:\Users\HP\.m2\repository\org\codehaus\plexus\plexus-interpolation\1.13\plexus-interpolation-1.13.jar;C:\Users\HP\.m2\repository\org\seleniumhq\selenium\selenium-java\3.141.59\selenium-java-3.141.59.jar;C:\Users\HP\.m2\repository\org\seleniumhq\selenium\selenium-api\3.141.59\selenium-api-3.141.59.jar;C:\Users\HP\.m2\repository\org\seleniumhq\selenium\selenium-chrome-driver\3.141.59\selenium-chrome-driver-3.141.59.jar;C:\Users\HP\.m2\repository\org\seleniumhq\selenium\selenium-edge-driver\3.141.59\selenium-edge-driver-3.141.59.jar;C:\Users\HP\.m2\repository\org\seleniumhq\selenium\selenium-firefox-driver\3.141.59\selenium-firefox-driver-3.141.59.jar;C:\Users\HP\.m2\repository\org\seleniumhq\selenium\selenium-ie-driver\3.141.59\selenium-ie-driver-3.141.59.jar;C:\Users\HP\.m2\repository\org\seleniumhq\selenium\selenium-opera-driver\3.141.59\selenium-opera-driver-3.141.59.jar;C:\Users\HP\.m2\repository\org\seleniumhq\selenium\selenium-remote-driver\3.141.59\selenium-remote-driver-3.141.59.jar;C:\Users\HP\.m2\repository\org\seleniumhq\selenium\selenium-safari-driver\3.141.59\selenium-safari-driver-3.141.59.jar;C:\Users\HP\.m2\repository\org\seleniumhq\selenium\selenium-support\3.141.59\selenium-support-3.141.59.jar;C:\Users\HP\.m2\repository\net\bytebuddy\byte-buddy\1.8.15\byte-buddy-1.8.15.jar;C:\Users\HP\.m2\repository\org\apache\commons\commons-exec\1.3\commons-exec-1.3.jar;C:\Users\HP\.m2\repository\com\google\guava\guava\25.0-jre\guava-25.0-jre.jar;C:\Users\HP\.m2\repository\com\google\code\findbugs\jsr305\1.3.9\jsr305-1.3.9.jar;C:\Users\HP\.m2\repository\org\checkerframework\checker-compat-qual\2.0.0\checker-compat-qual-2.0.0.jar;C:\Users\HP\.m2\repository\com\google\errorprone\error_prone_annotations\2.1.3\error_prone_annotations-2.1.3.jar;C:\Users\HP\.m2\repository\com\google\j2objc\j2objc-annotations\1.1\j2objc-annotations-1.1.jar;C:\Users\HP\.m2\repository\org\codehaus\mojo\animal-sniffer-annotations\1.14\animal-sniffer-annotations-1.14.jar;C:\Users\HP\.m2\repository\com\squareup\okhttp3\okhttp\3.11.0\okhttp-3.11.0.jar;C:\Users\HP\.m2\repository\com\squareup\okio\okio\1.14.0\okio-1.14.0.jar;"/>
    <property name="sun.cpu.endian" value="little"/>
    <property name="user.home" value="C:\Users\HP"/>
    <property name="user.language" value="zh"/>
    <property name="java.specification.vendor" value="Oracle Corporation"/>
    <property name="java.home" value="D:\jdk1.8\jre"/>
    <property name="basedir" value="C:\Users\HP\eclipse-workspace\AllureTest001"/>
    <property name="file.separator" value="\"/>
    <property name="line.separator" value="&#10;"/>
    <property name="java.vm.specification.vendor" value="Oracle Corporation"/>
    <property name="java.specification.name" value="Java Platform API Specification"/>
    <property name="java.awt.graphicsenv" value="sun.awt.Win32GraphicsEnvironment"/>
    <property name="surefire.real.class.path" value="C:\Users\HP\AppData\Local\Temp\surefire5249931318571615825\surefirebooter3784437073728420655.jar;C:\Users\HP\.m2\repository/org/aspectj/aspectjweaver/1.9.5/aspectjweaver-1.9.5.jar"/>
    <property name="sun.boot.class.path" value="D:\jdk1.8\jre\lib\resources.jar;D:\jdk1.8\jre\lib\rt.jar;D:\jdk1.8\jre\lib\sunrsasign.jar;D:\jdk1.8\jre\lib\jsse.jar;D:\jdk1.8\jre\lib\jce.jar;D:\jdk1.8\jre\lib\charsets.jar;D:\jdk1.8\jre\lib\jfr.jar;D:\jdk1.8\jre\classes"/>
    <property name="user.script" value=""/>
    <property name="sun.management.compiler" value="HotSpot 64-Bit Tiered Compilers"/>
    <property name="java.runtime.version" value="1.8.0_181-b13"/>
    <property name="user.name" value="HP"/>
    <property name="path.separator" value=";"/>
    <property name="os.version" value="10.0"/>
    <property name="java.endorsed.dirs" value="D:\jdk1.8\jre\lib\endorsed"/>
    <property name="java.runtime.name" value="Java(TM) SE Runtime Environment"/>
    <property name="file.encoding" value="GBK"/>
    <property name="java.vm.name" value="Java HotSpot(TM) 64-Bit Server VM"/>
    <property name="localRepository" value="C:\Users\HP\.m2\repository"/>
    <property name="java.vendor.url.bug" value="http://bugreport.sun.com/bugreport/"/>
    <property name="java.io.tmpdir" value="C:\Users\HP\AppData\Local\Temp\"/>
    <property name="java.version" value="1.8.0_181"/>
    <property name="user.dir" value="C:\Users\HP\eclipse-workspace\AllureTest001"/>
    <property name="os.arch" value="amd64"/>
    <property name="java.vm.specification.name" value="Java Virtual Machine Specification"/>
    <property name="java.awt.printerjob" value="sun.awt.windows.WPrinterJob"/>
    <property name="sun.os.patch.level" value=""/>
    <property name="java.library.path" value="D:\jdk1.8\jre\bin;C:\WINDOWS\Sun\Java\bin;C:\WINDOWS\system32;C:\WINDOWS;D:/jdk1.8/bin/../jre/bin/server;D:/jdk1.8/bin/../jre/bin;D:/jdk1.8/bin/../jre/lib/amd64;D:\android-sdk\android-sdk-windows\platform-tools;D:\android-sdk\android-sdk-windows\tools;D:\python\Scripts\;D:\python\;C:\Program Files (x86)\NetSarang\Xftp 6\;C:\Program Files (x86)\Tencent\;C:\WINDOWS\system32;C:\WINDOWS;C:\WINDOWS\System32\Wbem;C:\WINDOWS\System32\WindowsPowerShell\v1.0\;C:\WINDOWS\System32\OpenSSH\;C:\dev;%M2_HOME%\bin;D:\jdk1.8\bin;C:\Program Files\Git\cmd;D:\MYJAVA\myruanjian\erl10.4\bin;C:\Program Files\TortoiseSVN\bin;D:\python;D:\MYJAVA\myruanjian\geckodriver-v0.25.0-win64;C:\strawberry\c\bin;C:\strawberry\perl\bin;D:\MYJAVA\myruanjian\apache-jmeter-5.1.1\bin;D:\MYJAVA\myruanjian\allure-2.7.0\bin;C:\devemoper tools\软件安装包及驱动或其他\apache-maven-3.6.1-bin\apache-maven-3.6.1\bin;C:\Users\HP\AppData\Local\Microsoft\WindowsApps;C:\Users\HP\AppData\Roaming\npm;D:\MYJAVA\myruanjian;D:\nodejs\node_global;;C:\Users\HP\AppData\Local\Programs\Fiddler;C:\Program Files\JetBrains\PyCharm 2019.3.1\bin;;D:\MYJAVA\myruanjian\eclipse-java-2018-12-R-win32-x86_64\eclipse;;."/>
    <property name="java.vm.info" value="mixed mode"/>
    <property name="java.vendor" value="Oracle Corporation"/>
    <property name="java.vm.version" value="25.181-b13"/>
    <property name="java.ext.dirs" value="D:\jdk1.8\jre\lib\ext;C:\WINDOWS\Sun\Java\lib\ext"/>
    <property name="sun.io.unicode.encoding" value="UnicodeLittle"/>
    <property name="java.class.version" value="52.0"/>
  </properties>
  <testcase name="openWeb" classname="com.cheer.testCase.TestNgCase" time="56.686"/>
</testsuite>