<?xml version="1.0" encoding="UTF-8"?>
<!-- Generated by org.testng.reporters.JUnitReportReporter -->
<testsuite skipped="0" hostname="LAPTOP-3DUPQA60" name="com.cheer.testCase.TestNgCase" tests="1" failures="0" timestamp="22 二月 2020 11:53:10 GMT" time="59.692" errors="0">
  <testcase name="openWeb" time="59.692" classname="com.cheer.testCase.TestNgCase"/>
</testsuite> <!-- com.cheer.testCase.TestNgCase -->
